<?xml version="1.0" encoding="UTF-8"?>
  <testsuites tests="13" disabled="0" errors="0" failures="0" time="217.22775187">
      <testsuite name="Red Hat App Studio E2E tests" package="/home/flacatusu/WORKSPACE/appstudio-qe/e2e-tests" tests="13" disabled="0" skipped="0" errors="0" failures="0" time="217.22775187" timestamp="2022-02-14T14:44:26">
          <properties>
              <property name="SuiteSucceeded" value="true"></property>
              <property name="SuiteHasProgrammaticFocus" value="false"></property>
              <property name="SpecialSuiteFailureReason" value=""></property>
              <property name="SuiteLabels" value="[]"></property>
              <property name="RandomSeed" value="1644846257"></property>
              <property name="RandomizeAllSpecs" value="false"></property>
              <property name="LabelFilter" value=""></property>
              <property name="FocusStrings" value=""></property>
              <property name="SkipStrings" value=""></property>
              <property name="FocusFiles" value=""></property>
              <property name="SkipFiles" value=""></property>
              <property name="FailOnPending" value="false"></property>
              <property name="FailFast" value="false"></property>
              <property name="FlakeAttempts" value="0"></property>
              <property name="EmitSpecProgress" value="false"></property>
              <property name="DryRun" value="false"></property>
              <property name="ParallelTotal" value="1"></property>
              <property name="OutputInterceptorMode" value=""></property>
          </properties>
          <testcase name="[SynchronizedBeforeSuite]" classname="Red Hat App Studio E2E tests" status="passed" time="1.897e-05"></testcase>
          <testcase name="[It] [common-suite Red Hat App Studio common E2E] Argo CD all-components-staging status" classname="Red Hat App Studio E2E tests" status="passed" time="0.121331024"></testcase>
          <testcase name="[It] [common-suite Red Hat App Studio common E2E] Argo CD authentication status" classname="Red Hat App Studio E2E tests" status="passed" time="0.110135335"></testcase>
          <testcase name="[It] [common-suite Red Hat App Studio common E2E] Argo CD build status" classname="Red Hat App Studio E2E tests" status="passed" time="0.112010753"></testcase>
          <testcase name="[It] [has-suite devfile source] Create Red Hat AppStudio Application" classname="Red Hat App Studio E2E tests" status="passed" time="0.219511686"></testcase>
          <testcase name="[It] [has-suite devfile source] Check Red Hat AppStudio Application health" classname="Red Hat App Studio E2E tests" status="passed" time="1.16136417"></testcase>
          <testcase name="[It] [has-suite devfile source] Create Red Hat AppStudio Quarkus component" classname="Red Hat App Studio E2E tests" status="passed" time="0.135749285"></testcase>
          <testcase name="[It] [has-suite devfile source] Wait for component pipeline to be completed" classname="Red Hat App Studio E2E tests" status="passed" time="214.815228153"></testcase>
          <testcase name="[It] [has-suite devfile source] Check component deployment health" classname="Red Hat App Studio E2E tests" status="passed" time="0.10459856"></testcase>
          <testcase name="[It] [has-suite devfile source] Check component service health" classname="Red Hat App Studio E2E tests" status="passed" time="0.104152075"></testcase>
          <testcase name="[It] [has-suite devfile source] Verify component route health" classname="Red Hat App Studio E2E tests" status="passed" time="0.113989375"></testcase>
          <testcase name="[It] [has-suite devfile source] Remove Red Hat AppStudio component" classname="Red Hat App Studio E2E tests" status="passed" time="0.109151865"></testcase>
          <testcase name="[It] [has-suite devfile source] Delete Red Hat AppStudio Application CR" classname="Red Hat App Studio E2E tests" status="passed" time="0.119950151"></testcase>
      </testsuite>
  </testsuites>