<?xml version="1.0" encoding="UTF-8"?>
  <testsuite name="Red Hat App Studio E2E tests" tests="1" failures="0" errors="0" time="0.105">
      <testcase name="[appstudio-common] Common e2e tests AppStudio E2E common specs Check appstudio application health" classname="Red Hat App Studio E2E tests" time="0.105518359"></testcase>
      <testcase name="[appstudio-has] Application e2e tests HAS Application tests Create HAS Application" classname="Red Hat App Studio E2E tests" time="0">
          <skipped></skipped>
      </testcase>
      <testcase name="[appstudio-has] Application e2e tests HAS Application tests Check if HAS Application has created" classname="Red Hat App Studio E2E tests" time="0">
          <skipped></skipped>
      </testcase>
      <testcase name="[appstudio-has] Push API e2e tests Check if HAS push has created" classname="Red Hat App Studio E2E tests" time="0">
          <skipped></skipped>
      </testcase>
  </testsuite>